# JRE version: OpenJDK Runtime Environment (8.0_152-b01) (build 1.8.0_152-release-1024-b01)
# Java VM: OpenJDK 64-Bit Server VM (25.152-b01 mixed mode linux-amd64 compressed oops)
Heap:
 PSYoungGen      total 435200K, used 320994K [0x00000000e0000000, 0x0000000100000000, 0x0000000100000000)
  eden space 348160K, 76% used [0x00000000e0000000,0x00000000f038f650,0x00000000f5400000)
  from space 87040K, 63% used [0x00000000fab00000,0x00000000fe0e92e0,0x0000000100000000)
  to   space 88064K, 0% used [0x00000000f5400000,0x00000000f5400000,0x00000000faa00000)
 ParOldGen       total 388096K, used 139645K [0x00000000a0000000, 0x00000000b7b00000, 0x00000000e0000000)
  object space 388096K, 35% used [0x00000000a0000000,0x00000000a885f530,0x00000000b7b00000)
 Metaspace       used 231050K, capacity 248178K, committed 248408K, reserved 1265664K
  class space    used 29488K, capacity 33041K, committed 33152K, reserved 1048576K
GC Heap History (10 events):
Event: 2081.015 GC heap before
{Heap before GC invocations=29 (full 5):
 PSYoungGen      total 458752K, used 458682K [0x00000000e0000000, 0x0000000100000000, 0x0000000100000000)
  eden space 408576K, 100% used [0x00000000e0000000,0x00000000f8f00000,0x00000000f8f00000)
  from space 50176K, 99% used [0x00000000f8f00000,0x00000000fbfeeaa8,0x00000000fc000000)
  to   space 63488K, 0% used [0x00000000fc200000,0x00000000fc200000,0x0000000100000000)
 ParOldGen       total 388096K, used 125514K [0x00000000a0000000, 0x00000000b7b00000, 0x00000000e0000000)
  object space 388096K, 32% used [0x00000000a0000000,0x00000000a7a92a50,0x00000000b7b00000)
 Metaspace       used 212923K, capacity 228090K, committed 228440K, reserved 1247232K
  class space    used 27235K, capacity 30465K, committed 30592K, reserved 1048576K
Event: 2081.063 GC heap after
Heap after GC invocations=29 (full 5):
 PSYoungGen      total 438272K, used 63473K [0x00000000e0000000, 0x0000000100000000, 0x0000000100000000)
  eden space 374784K, 0% used [0x00000000e0000000,0x00000000e0000000,0x00000000f6e00000)
  from space 63488K, 99% used [0x00000000fc200000,0x00000000ffffc6a8,0x0000000100000000)
  to   space 74752K, 0% used [0x00000000f6e00000,0x00000000f6e00000,0x00000000fb700000)
 ParOldGen       total 388096K, used 131163K [0x00000000a0000000, 0x00000000b7b00000, 0x00000000e0000000)
  object space 388096K, 33% used [0x00000000a0000000,0x00000000a8016fa8,0x00000000b7b00000)
 Metaspace       used 212923K, capacity 228090K, committed 228440K, reserved 1247232K
  class space    used 27235K, capacity 30465K, committed 30592K, reserved 1048576K
}
Event: 2086.136 GC heap before
{Heap before GC invocations=30 (full 5):
 PSYoungGen      total 438272K, used 438257K [0x00000000e0000000, 0x0000000100000000, 0x0000000100000000)
  eden space 374784K, 100% used [0x00000000e0000000,0x00000000f6e00000,0x00000000f6e00000)
  from space 63488K, 99% used [0x00000000fc200000,0x00000000ffffc6a8,0x0000000100000000)
  to   space 74752K, 0% used [0x00000000f6e00000,0x00000000f6e00000,0x00000000fb700000)
 ParOldGen       total 388096K, used 131163K [0x00000000a0000000, 0x00000000b7b00000, 0x00000000e0000000)
  object space 388096K, 33% used [0x00000000a0000000,0x00000000a8016fa8,0x00000000b7b00000)
 Metaspace       used 218932K, capacity 234726K, committed 234840K, reserved 1253376K
  class space    used 27959K, capacity 31313K, committed 31360K, reserved 1048576K
Event: 2086.184 GC heap after
Heap after GC invocations=30 (full 5):
 PSYoungGen      total 431616K, used 56375K [0x00000000e0000000, 0x0000000100000000, 0x0000000100000000)
  eden space 374784K, 0% used [0x00000000e0000000,0x00000000e0000000,0x00000000f6e00000)
  from space 56832K, 99% used [0x00000000f6e00000,0x00000000fa50dfe8,0x00000000fa580000)
  to   space 79360K, 0% used [0x00000000fb280000,0x00000000fb280000,0x0000000100000000)
 ParOldGen       total 388096K, used 139621K [0x00000000a0000000, 0x00000000b7b00000, 0x00000000e0000000)
  object space 388096K, 35% used [0x00000000a0000000,0x00000000a8859530,0x00000000b7b00000)
 Metaspace       used 218932K, capacity 234726K, committed 234840K, reserved 1253376K
  class space    used 27959K, capacity 31313K, committed 31360K, reserved 1048576K
}
Event: 2088.297 GC heap before
{Heap before GC invocations=31 (full 5):
 PSYoungGen      total 431616K, used 431159K [0x00000000e0000000, 0x0000000100000000, 0x0000000100000000)
  eden space 374784K, 100% used [0x00000000e0000000,0x00000000f6e00000,0x00000000f6e00000)
  from space 56832K, 99% used [0x00000000f6e00000,0x00000000fa50dfe8,0x00000000fa580000)
  to   space 79360K, 0% used [0x00000000fb280000,0x00000000fb280000,0x0000000100000000)
 ParOldGen       total 388096K, used 139621K [0x00000000a0000000, 0x00000000b7b00000, 0x00000000e0000000)
  object space 388096K, 35% used [0x00000000a0000000,0x00000000a8859530,0x00000000b7b00000)
 Metaspace       used 227706K, capacity 244168K, committed 244568K, reserved 1261568K
  class space    used 29068K, capacity 32514K, committed 32640K, reserved 1048576K
Event: 2088.346 GC heap after
Heap after GC invocations=31 (full 5):
 PSYoungGen      total 433664K, used 62582K [0x00000000e0000000, 0x0000000100000000, 0x0000000100000000)
  eden space 354304K, 0% used [0x00000000e0000000,0x00000000e0000000,0x00000000f5a00000)
  from space 79360K, 78% used [0x00000000fb280000,0x00000000fef9dbe0,0x0000000100000000)
  to   space 84992K, 0% used [0x00000000f5a00000,0x00000000f5a00000,0x00000000fad00000)
 ParOldGen       total 388096K, used 139629K [0x00000000a0000000, 0x00000000b7b00000, 0x00000000e0000000)
  object space 388096K, 35% used [0x00000000a0000000,0x00000000a885b530,0x00000000b7b00000)
 Metaspace       used 227706K, capacity 244168K, committed 244568K, reserved 1261568K
  class space    used 29068K, capacity 32514K, committed 32640K, reserved 1048576K
}
Event: 2089.500 GC heap before
{Heap before GC invocations=32 (full 5):
 PSYoungGen      total 433664K, used 416886K [0x00000000e0000000, 0x0000000100000000, 0x0000000100000000)
  eden space 354304K, 100% used [0x00000000e0000000,0x00000000f5a00000,0x00000000f5a00000)
  from space 79360K, 78% used [0x00000000fb280000,0x00000000fef9dbe0,0x0000000100000000)
  to   space 84992K, 0% used [0x00000000f5a00000,0x00000000f5a00000,0x00000000fad00000)
 ParOldGen       total 388096K, used 139629K [0x00000000a0000000, 0x00000000b7b00000, 0x00000000e0000000)
  object space 388096K, 35% used [0x00000000a0000000,0x00000000a885b530,0x00000000b7b00000)
 Metaspace       used 228268K, capacity 244734K, committed 245080K, reserved 1261568K
  class space    used 29094K, capacity 32529K, committed 32640K, reserved 1048576K
Event: 2089.542 GC heap after
Heap after GC invocations=32 (full 5):
 PSYoungGen      total 411648K, used 57228K [0x00000000e0000000, 0x0000000100000000, 0x0000000100000000)
  eden space 354304K, 0% used [0x00000000e0000000,0x00000000e0000000,0x00000000f5a00000)
  from space 57344K, 99% used [0x00000000f5a00000,0x00000000f91e30d0,0x00000000f9200000)
  to   space 87040K, 0% used [0x00000000fab00000,0x00000000fab00000,0x0000000100000000)
 ParOldGen       total 388096K, used 139637K [0x00000000a0000000, 0x00000000b7b00000, 0x00000000e0000000)
  object space 388096K, 35% used [0x00000000a0000000,0x00000000a885d530,0x00000000b7b00000)
 Metaspace       used 228268K, capacity 244734K, committed 245080K, reserved 1261568K
  class space    used 29094K, capacity 32529K, committed 32640K, reserved 1048576K
}
Event: 2092.334 GC heap before
{Heap before GC invocations=33 (full 5):
 PSYoungGen      total 411648K, used 411532K [0x00000000e0000000, 0x0000000100000000, 0x0000000100000000)
  eden space 354304K, 100% used [0x00000000e0000000,0x00000000f5a00000,0x00000000f5a00000)
  from space 57344K, 99% used [0x00000000f5a00000,0x00000000f91e30d0,0x00000000f9200000)
  to   space 87040K, 0% used [0x00000000fab00000,0x00000000fab00000,0x0000000100000000)
 ParOldGen       total 388096K, used 139637K [0x00000000a0000000, 0x00000000b7b00000, 0x00000000e0000000)
  object space 388096K, 35% used [0x00000000a0000000,0x00000000a885d530,0x00000000b7b00000)
 Metaspace       used 229153K, capacity 245776K, committed 245848K, reserved 1263616K
  class space    used 29172K, capacity 32614K, committed 32640K, reserved 1048576K
Event: 2092.382 GC heap after
Heap after GC invocations=33 (full 5):
 PSYoungGen      total 435200K, used 55204K [0x00000000e0000000, 0x0000000100000000, 0x0000000100000000)
  eden space 348160K, 0% used [0x00000000e0000000,0x00000000e0000000,0x00000000f5400000)
  from space 87040K, 63% used [0x00000000fab00000,0x00000000fe0e92e0,0x0000000100000000)
  to   space 88064K, 0% used [0x00000000f5400000,0x00000000f5400000,0x00000000faa00000)
 ParOldGen       total 388096K, used 139645K [0x00000000a0000000, 0x00000000b7b00000, 0x00000000e0000000)
  object space 388096K, 35% used [0x00000000a0000000,0x00000000a885f530,0x00000000b7b00000)
 Metaspace       used 229153K, capacity 245776K, committed 245848K, reserved 1263616K
  class space    used 29172K, capacity 32614K, committed 32640K, reserved 1048576K
}

